<?xml version="1.0" encoding="UTF-8"?>
<Site BuildName="(empty)"
	BuildStamp="20240711-0709-Experimental"
	Name="rtx-Cyborg-15-A12VF"
	Generator="ctest-3.16.3"
	CompilerName="/usr/bin/c++"
	CompilerVersion="9.4.0"
	OSName="Linux"
	Hostname="rtx-Cyborg-15-A12VF"
	OSRelease="5.15.0-94-generic"
	OSVersion="#104~20.04.1-Ubuntu SMP Tue Jan 16 13:34:09 UTC 2024"
	OSPlatform="x86_64"
	Is64Bits="1"
	VendorString="GenuineIntel"
	VendorID="Intel Corporation"
	FamilyID="6"
	ModelID="154"
	ProcessorCacheSize="24576"
	NumberOfLogicalCPU="16"
	NumberOfPhysicalCPU="10"
	TotalVirtualMemory="2047"
	TotalPhysicalMemory="15689"
	LogicalProcessorsPerPhysical="1"
	ProcessorClockFrequency="2399.48"
	>
	<Testing>
		<StartDateTime>Jul 11 22:49 +07</StartDateTime>
		<StartTestTime>1720712985</StartTestTime>
		<TestList/>
		<EndDateTime>Jul 11 22:49 +07</EndDateTime>
		<EndTestTime>1720712985</EndTestTime>
		<ElapsedMinutes>0</ElapsedMinutes>
	</Testing>
</Site>
